<?xml version="1.0" encoding="utf-8"?>
<test-run id="2" name="Incapsulation.Failures.exe" fullname="C:/Users/Gizon/Desktop/Study/моаис/2 курс/oop/failures/bin/Debug/Incapsulation.Failures.exe" testcasecount="3" result="Failed" start-time="2022-02-28 15:16:18Z" end-time="2022-02-28 15:16:19Z" duration="0.280983" total="3" passed="1" failed="2" inconclusive="0" skipped="0" asserts="3" random-seed="646531">
  <command-line><![CDATA["C:\Users\Gizon\Desktop\Study\моаис\2 курс\oop\failures\bin\Debug\Incapsulation.Failures.exe"]]></command-line>
  <filter />
  <test-suite type="Assembly" id="1004" name="Incapsulation.Failures.exe" fullname="C:/Users/Gizon/Desktop/Study/моаис/2 курс/oop/failures/bin/Debug/Incapsulation.Failures.exe" runstate="Runnable" testcasecount="3" result="Failed" site="Child" start-time="2022-02-28 15:16:18Z" end-time="2022-02-28 15:16:19Z" duration="0.280983" total="3" passed="1" failed="2" warnings="0" inconclusive="0" skipped="0" asserts="3">
    <environment framework-version="3.6.0.0" clr-version="4.0.30319.42000" os-version="Microsoft Windows NT 6.2.9200.0" platform="Win32NT" cwd="C:\Users\Gizon\Desktop\Study\моаис\2 курс\oop\failures\bin\Debug" machine-name="MSI" user="Gizon" user-domain="MSI" culture="ru-RU" uiculture="ru-RU" os-architecture="x86" />
    <settings>
      <setting name="WorkDirectory" value="C:\Users\Gizon\Desktop\Study\моаис\2 курс\oop\failures\bin\Debug" />
      <setting name="NumberOfTestWorkers" value="12" />
    </settings>
    <properties>
      <property name="_PID" value="18204" />
      <property name="_APPDOMAIN" value="Incapsulation.Failures.exe" />
    </properties>
    <failure>
      <message><![CDATA[One or more child tests had errors]]></message>
    </failure>
    <test-suite type="TestSuite" id="1005" name="Incapsulation" fullname="Incapsulation" runstate="Runnable" testcasecount="3" result="Failed" site="Child" start-time="2022-02-28 15:16:18Z" end-time="2022-02-28 15:16:19Z" duration="0.249352" total="3" passed="1" failed="2" warnings="0" inconclusive="0" skipped="0" asserts="3">
      <failure>
        <message><![CDATA[One or more child tests had errors]]></message>
      </failure>
      <test-suite type="TestSuite" id="1006" name="Failures" fullname="Incapsulation.Failures" runstate="Runnable" testcasecount="3" result="Failed" site="Child" start-time="2022-02-28 15:16:18Z" end-time="2022-02-28 15:16:19Z" duration="0.219644" total="3" passed="1" failed="2" warnings="0" inconclusive="0" skipped="0" asserts="3">
        <failure>
          <message><![CDATA[One or more child tests had errors]]></message>
        </failure>
        <test-suite type="TestFixture" id="1000" name="ReportMaker_Tests" fullname="Incapsulation.Failures.ReportMaker_Tests" classname="Incapsulation.Failures.ReportMaker_Tests" runstate="Runnable" testcasecount="3" result="Failed" site="Child" start-time="2022-02-28 15:16:18Z" end-time="2022-02-28 15:16:19Z" duration="0.188118" total="3" passed="1" failed="2" warnings="0" inconclusive="0" skipped="0" asserts="3">
          <failure>
            <message><![CDATA[One or more child tests had errors]]></message>
          </failure>
          <test-case id="1003" name="FilterManyDevices" fullname="Incapsulation.Failures.ReportMaker_Tests.FilterManyDevices" methodname="FilterManyDevices" classname="Incapsulation.Failures.ReportMaker_Tests" runstate="Runnable" seed="1805090269" result="Failed" start-time="2022-02-28 15:16:18Z" end-time="2022-02-28 15:16:19Z" duration="0.099066" asserts="1">
            <failure>
              <message><![CDATA[  Expected is <System.String[2]>, actual is <System.Collections.Generic.List`1[System.String]> with 0 elements
  Values differ at index [0]
  Missing:  < "Device A", "Device C" >]]></message>
              <stack-trace><![CDATA[в NUnit.Framework.CollectionAssert.AreEqual(IEnumerable expected, IEnumerable actual)
в Incapsulation.Failures.ReportMaker_Tests.FilterManyDevices() в C:\Users\Gizon\Desktop\Study\моаис\2 курс\oop\failures\ReportMaker_Tests.cs:строка 108
]]></stack-trace>
            </failure>
            <assertions>
              <assertion result="Failed">
                <message><![CDATA[  Expected is <System.String[2]>, actual is <System.Collections.Generic.List`1[System.String]> with 0 elements
  Values differ at index [0]
  Missing:  < "Device A", "Device C" >]]></message>
                <stack-trace><![CDATA[в NUnit.Framework.CollectionAssert.AreEqual(IEnumerable expected, IEnumerable actual)
в Incapsulation.Failures.ReportMaker_Tests.FilterManyDevices() в C:\Users\Gizon\Desktop\Study\моаис\2 курс\oop\failures\ReportMaker_Tests.cs:строка 108
]]></stack-trace>
              </assertion>
            </assertions>
          </test-case>
          <test-case id="1002" name="FilterSingleDevice" fullname="Incapsulation.Failures.ReportMaker_Tests.FilterSingleDevice" methodname="FilterSingleDevice" classname="Incapsulation.Failures.ReportMaker_Tests" runstate="Runnable" seed="925264903" result="Failed" start-time="2022-02-28 15:16:19Z" end-time="2022-02-28 15:16:19Z" duration="0.001970" asserts="1">
            <failure>
              <message><![CDATA[  Expected is <System.String[1]>, actual is <System.Collections.Generic.List`1[System.String]> with 0 elements
  Values differ at index [0]
  Missing:  < "0" >]]></message>
              <stack-trace><![CDATA[в NUnit.Framework.CollectionAssert.AreEqual(IEnumerable expected, IEnumerable actual)
в Incapsulation.Failures.ReportMaker_Tests.FilterSingleDevice() в C:\Users\Gizon\Desktop\Study\моаис\2 курс\oop\failures\ReportMaker_Tests.cs:строка 65
]]></stack-trace>
            </failure>
            <assertions>
              <assertion result="Failed">
                <message><![CDATA[  Expected is <System.String[1]>, actual is <System.Collections.Generic.List`1[System.String]> with 0 elements
  Values differ at index [0]
  Missing:  < "0" >]]></message>
                <stack-trace><![CDATA[в NUnit.Framework.CollectionAssert.AreEqual(IEnumerable expected, IEnumerable actual)
в Incapsulation.Failures.ReportMaker_Tests.FilterSingleDevice() в C:\Users\Gizon\Desktop\Study\моаис\2 курс\oop\failures\ReportMaker_Tests.cs:строка 65
]]></stack-trace>
              </assertion>
            </assertions>
          </test-case>
          <test-case id="1001" name="NoDevices" fullname="Incapsulation.Failures.ReportMaker_Tests.NoDevices" methodname="NoDevices" classname="Incapsulation.Failures.ReportMaker_Tests" runstate="Runnable" seed="1045812392" result="Passed" start-time="2022-02-28 15:16:19Z" end-time="2022-02-28 15:16:19Z" duration="0.001523" asserts="1" />
        </test-suite>
      </test-suite>
    </test-suite>
  </test-suite>
</test-run>